<?xml version="1.0" encoding="utf-8" standalone="no"?>
<test-run id="2" testcasecount="0" result="Failed" label="Invalid" total="0" passed="0" failed="0" inconclusive="0" skipped="0" asserts="0" engine-version="3.10.0.0" clr-version="4.0.30319.42000" start-time="2020-01-09 11:52:36Z" end-time="2020-01-09 11:52:37Z" duration="0.668832">
  <command-line><![CDATA["C:\users\mccor.LAPTOP-T6T0BN1K\source\repos\nunit\tools\NUnit.ConsoleRunner.3.10.0\tools\nunit3-console.exe" .\bin\x64\Debug\ParseLogsControlsTests.dll --test=ParseLogsControls.Test.LogEventInfoControl1Tests.Test2]]></command-line>
  <filter>
    <test>ParseLogsControls.Test.LogEventInfoControl1Tests.Test2</test>
  </filter>
  <test-suite type="Assembly" id="0-1" name="ParseLogsControlsTests.dll" fullname="C:\Users\mccor.LAPTOP-T6T0BN1K\source\repos\ParseLogs\bin\x64\Debug\ParseLogsControlsTests.dll" testcasecount="0" runstate="NotRunnable" result="Failed" label="Invalid">
    <properties>
      <property name="_SKIPREASON" value="File not found: C:\Users\mccor.LAPTOP-T6T0BN1K\source\repos\ParseLogs\bin\x64\Debug\ParseLogsControlsTests.dll" />
    </properties>
    <reason>
      <message>File not found: C:\Users\mccor.LAPTOP-T6T0BN1K\source\repos\ParseLogs\bin\x64\Debug\ParseLogsControlsTests.dll</message>
    </reason>
  </test-suite>
</test-run>