<?xml version="1.0" encoding="utf-8" standalone="no"?>
<test-run id="2" testcasecount="10" result="Failed" total="1" passed="0" failed="1" inconclusive="0" skipped="0" asserts="0" engine-version="3.10.0.0" clr-version="4.0.30319.42000" start-time="2020-01-09 13:50:07Z" end-time="2020-01-09 13:50:09Z" duration="2.142413">
  <command-line><![CDATA["C:\users\mccor.LAPTOP-T6T0BN1K\source\repos\nunit\tools\NUnit.ConsoleRunner.3.10.0\tools\nunit3-console.exe" .\bin\x64\Debug\ParseLogsControlsTests.dll --test=ParseLogsControlsTests.XamlLoadTests.loadXamlTest]]></command-line>
  <filter>
    <test>ParseLogsControlsTests.XamlLoadTests.loadXamlTest</test>
  </filter>
  <test-suite type="Assembly" id="0-1013" name="ParseLogsControlsTests.dll" fullname="C:\Users\mccor.LAPTOP-T6T0BN1K\source\repos\ParseLogs\ParseLogsControlsTests\bin\x64\Debug\ParseLogsControlsTests.dll" runstate="Runnable" testcasecount="10" result="Failed" site="Child" start-time="2020-01-09 13:50:08Z" end-time="2020-01-09 13:50:09Z" duration="1.423939" total="1" passed="0" failed="1" warnings="0" inconclusive="0" skipped="0" asserts="0">
    <environment framework-version="3.12.0.0" clr-version="4.0.30319.42000" os-version="Microsoft Windows NT 10.0.18363.0" platform="Win32NT" cwd="C:\Users\mccor.LAPTOP-T6T0BN1K\source\repos\ParseLogs\ParseLogsControlsTests" machine-name="EXOMAIL-87976" user="mccor" user-domain="EXOMAIL-87976" culture="en-US" uiculture="en-US" os-architecture="x64" />
    <settings>
      <setting name="DisposeRunners" value="True" />
      <setting name="WorkDirectory" value="C:\Users\mccor.LAPTOP-T6T0BN1K\source\repos\ParseLogs\ParseLogsControlsTests" />
      <setting name="ImageRuntimeVersion" value="4.0.30319" />
      <setting name="ImageTargetFrameworkName" value=".NETFramework,Version=v4.6.1" />
      <setting name="ImageRequiresX86" value="False" />
      <setting name="ImageRequiresDefaultAppDomainAssemblyResolver" value="False" />
      <setting name="NumberOfTestWorkers" value="8" />
    </settings>
    <properties>
      <property name="ApartmentState" value="MTA" />
      <property name="_PID" value="19692" />
      <property name="_APPDOMAIN" value="domain-" />
    </properties>
    <failure>
      <message><![CDATA[One or more child tests had errors]]></message>
    </failure>
    <test-suite type="TestSuite" id="0-1014" name="ParseLogsControlsTests" fullname="ParseLogsControlsTests" runstate="Runnable" testcasecount="1" result="Failed" site="Child" start-time="2020-01-09 13:50:08Z" end-time="2020-01-09 13:50:09Z" duration="1.380727" total="1" passed="0" failed="1" warnings="0" inconclusive="0" skipped="0" asserts="0">
      <failure>
        <message><![CDATA[One or more child tests had errors]]></message>
      </failure>
      <test-suite type="TestFixture" id="0-1000" name="XamlLoadTests" fullname="ParseLogsControlsTests.XamlLoadTests" classname="ParseLogsControlsTests.XamlLoadTests" runstate="Runnable" testcasecount="1" result="Failed" site="Child" start-time="2020-01-09 13:50:08Z" end-time="2020-01-09 13:50:09Z" duration="1.372051" total="1" passed="0" failed="1" warnings="0" inconclusive="0" skipped="0" asserts="0">
        <failure>
          <message><![CDATA[One or more child tests had errors]]></message>
        </failure>
        <test-case id="0-1001" name="loadXamlTest" fullname="ParseLogsControlsTests.XamlLoadTests.loadXamlTest" methodname="loadXamlTest" classname="ParseLogsControlsTests.XamlLoadTests" runstate="Runnable" seed="2115848227" result="Failed" label="Error" start-time="2020-01-09 13:50:09Z" end-time="2020-01-09 13:50:09Z" duration="0.370288" asserts="0">
          <failure>
            <message><![CDATA[System.IO.DirectoryNotFoundException : Could not find a part of the path 'C:\Users\mccor.LAPTOP-T6T0BN1K\source\repos\ParseLogs\ParseLogsControlsTests\bin\x64\Debug\test_files\xaml'.]]></message>
            <stack-trace><![CDATA[   at System.IO.__Error.WinIOError(Int32 errorCode, String maybeFullPath)
   at System.IO.FileSystemEnumerableIterator`1.CommonInit()
   at System.IO.FileSystemEnumerableIterator`1..ctor(String path, String originalUserPath, String searchPattern, SearchOption searchOption, SearchResultHandler`1 resultHandler, Boolean checkHost)
   at System.IO.Directory.EnumerateFiles(String path)
   at ParseLogsControlsTests.XamlLoadTests.loadXamlTest() in C:\Users\mccor.LAPTOP-T6T0BN1K\source\repos\ParseLogs\ParseLogsControlsTests\XamlLoadTests.cs:line 25]]></stack-trace>
          </failure>
        </test-case>
      </test-suite>
    </test-suite>
  </test-suite>
</test-run>