<?xml version="1.0" encoding="utf-8" standalone="no"?>
<test-run id="2" testcasecount="9" result="Passed" total="1" passed="1" failed="0" inconclusive="0" skipped="0" asserts="0" engine-version="3.10.0.0" clr-version="4.0.30319.42000" start-time="2020-01-09 11:30:20Z" end-time="2020-01-09 11:30:24Z" duration="3.317525">
  <command-line><![CDATA["C:\users\mccor.LAPTOP-T6T0BN1K\source\repos\nunit\tools\NUnit.ConsoleRunner.3.10.0\tools\nunit3-console.exe" .\bin\x64\Debug\ParseLogsControlsTests.dll --test=ParseLogsControls.Test.LogEventInfoControl1Tests.Test2]]></command-line>
  <filter>
    <test>ParseLogsControls.Test.LogEventInfoControl1Tests.Test2</test>
  </filter>
  <test-suite type="Assembly" id="0-1011" name="ParseLogsControlsTests.dll" fullname="C:\Users\mccor.LAPTOP-T6T0BN1K\source\repos\ParseLogs\ParseLogsControlsTests\bin\x64\Debug\ParseLogsControlsTests.dll" runstate="Runnable" testcasecount="9" result="Passed" start-time="2020-01-09 11:30:21Z" end-time="2020-01-09 11:30:24Z" duration="2.613756" total="1" passed="1" failed="0" warnings="0" inconclusive="0" skipped="0" asserts="0">
    <environment framework-version="3.12.0.0" clr-version="4.0.30319.42000" os-version="Microsoft Windows NT 10.0.18363.0" platform="Win32NT" cwd="C:\Users\mccor.LAPTOP-T6T0BN1K\source\repos\ParseLogs\ParseLogsControlsTests" machine-name="EXOMAIL-87976" user="mccor" user-domain="EXOMAIL-87976" culture="en-US" uiculture="en-US" os-architecture="x64" />
    <settings>
      <setting name="DisposeRunners" value="True" />
      <setting name="WorkDirectory" value="C:\Users\mccor.LAPTOP-T6T0BN1K\source\repos\ParseLogs\ParseLogsControlsTests" />
      <setting name="ImageRuntimeVersion" value="4.0.30319" />
      <setting name="ImageTargetFrameworkName" value=".NETFramework,Version=v4.6.1" />
      <setting name="ImageRequiresX86" value="False" />
      <setting name="ImageRequiresDefaultAppDomainAssemblyResolver" value="False" />
      <setting name="NumberOfTestWorkers" value="8" />
    </settings>
    <properties>
      <property name="ApartmentState" value="MTA" />
      <property name="_PID" value="30392" />
      <property name="_APPDOMAIN" value="domain-" />
    </properties>
    <test-suite type="TestSuite" id="0-1012" name="ParseLogsControls" fullname="ParseLogsControls" runstate="Runnable" testcasecount="9" result="Passed" start-time="2020-01-09 11:30:21Z" end-time="2020-01-09 11:30:24Z" duration="2.579167" total="1" passed="1" failed="0" warnings="0" inconclusive="0" skipped="0" asserts="0">
      <test-suite type="TestSuite" id="0-1013" name="Test" fullname="ParseLogsControls.Test" runstate="Runnable" testcasecount="9" result="Passed" start-time="2020-01-09 11:30:21Z" end-time="2020-01-09 11:30:24Z" duration="2.578206" total="1" passed="1" failed="0" warnings="0" inconclusive="0" skipped="0" asserts="0">
        <test-suite type="TestFixture" id="0-1000" name="LogEventInfoControl1Tests" fullname="ParseLogsControls.Test.LogEventInfoControl1Tests" classname="ParseLogsControls.Test.LogEventInfoControl1Tests" runstate="Runnable" testcasecount="2" result="Passed" start-time="2020-01-09 11:30:21Z" end-time="2020-01-09 11:30:24Z" duration="2.570817" total="1" passed="1" failed="0" warnings="0" inconclusive="0" skipped="0" asserts="0">
          <test-case id="0-1002" name="Test2" fullname="ParseLogsControls.Test.LogEventInfoControl1Tests.Test2" methodname="Test2" classname="ParseLogsControls.Test.LogEventInfoControl1Tests" runstate="Runnable" seed="113463256" result="Passed" start-time="2020-01-09 11:30:22Z" end-time="2020-01-09 11:30:24Z" duration="1.703452" asserts="0" />
        </test-suite>
      </test-suite>
    </test-suite>
  </test-suite>
</test-run>