<?xml version="1.0" encoding="utf-8" standalone="no"?>
<test-run id="2" testcasecount="0" result="Failed" label="Invalid" total="0" passed="0" failed="0" inconclusive="0" skipped="0" asserts="0" engine-version="3.10.0.0" clr-version="4.0.30319.42000" start-time="2020-01-05 13:57:32Z" end-time="2020-01-05 13:57:32Z" duration="0.476131">
  <command-line><![CDATA["C:\Users\mccor.LAPTOP-T6T0BN1K\source\repos\ParseLogs\packages\NUnit.ConsoleRunner.3.10.0\tools\nunit3-console.exe" .\ParseLogs.Test\ParseLogs.Test.csproj]]></command-line>
  <test-suite type="Unknown" id="1-1" name="ParseLogs.Test.csproj" fullname="C:\Users\mccor.LAPTOP-T6T0BN1K\source\repos\ParseLogs\ParseLogs\ParseLogs.Test\ParseLogs.Test.csproj" testcasecount="0" runstate="NotRunnable" result="Failed" label="Invalid">
    <properties>
      <property name="_SKIPREASON" value="File not found: C:\Users\mccor.LAPTOP-T6T0BN1K\source\repos\ParseLogs\ParseLogs\ParseLogs.Test\ParseLogs.Test.csproj" />
    </properties>
    <reason>
      <message>File not found: C:\Users\mccor.LAPTOP-T6T0BN1K\source\repos\ParseLogs\ParseLogs\ParseLogs.Test\ParseLogs.Test.csproj</message>
    </reason>
  </test-suite>
</test-run>